[debug] [2025-08-10T09:48:48.892Z] ----------------------------------------------------------------------
[debug] [2025-08-10T09:48:48.893Z] Command:       /opt/homebrew/Cellar/node/23.11.0/bin/node /opt/homebrew/bin/firebase init
[debug] [2025-08-10T09:48:48.893Z] CLI Version:   14.12.0
[debug] [2025-08-10T09:48:48.893Z] Platform:      darwin
[debug] [2025-08-10T09:48:48.893Z] Node Version:  v23.11.0
[debug] [2025-08-10T09:48:48.894Z] Time:          Sun Aug 10 2025 18:48:48 GMT+0900 (Korean Standard Time)
[debug] [2025-08-10T09:48:48.894Z] ----------------------------------------------------------------------
[debug] 
[debug] [2025-08-10T09:48:48.896Z] > command requires scopes: ["email","openid","https://www.googleapis.com/auth/cloudplatformprojects.readonly","https://www.googleapis.com/auth/firebase","https://www.googleapis.com/auth/cloud-platform"]
[debug] [2025-08-10T09:48:48.896Z] > authorizing via signed-in user (dev@the-around.com)
[info] 
     ######## #### ########  ######## ########     ###     ######  ########
     ##        ##  ##     ## ##       ##     ##  ##   ##  ##       ##
     ######    ##  ########  ######   ########  #########  ######  ######
     ##        ##  ##    ##  ##       ##     ## ##     ##       ## ##
     ##       #### ##     ## ######## ########  ##     ##  ######  ########

You're about to initialize a Firebase project in this directory:

  /Users/bot_growsome/Documents/GitHub/growsome

[debug] [2025-08-10T09:49:54.982Z] ExitPromptError: User force closed the prompt with SIGINT
    at Interface.sigint (/opt/homebrew/lib/node_modules/firebase-tools/node_modules/@inquirer/core/dist/commonjs/lib/create-prompt.js:101:37)
    at Interface.emit (node:events:507:28)
    at Interface.emit (node:domain:489:12)
    at [_ttyWrite] [as _ttyWrite] (node:internal/readline/interface:1129:18)
    at ReadStream.onkeypress (node:internal/readline/interface:268:20)
    at ReadStream.emit (node:events:519:35)
    at ReadStream.emit (node:domain:489:12)
    at emitKeys (node:internal/readline/utils:370:14)
    at emitKeys.next (<anonymous>)
    at ReadStream.onData (node:internal/readline/emitKeypressEvents:64:36)
[error] 
[error] Error: An unexpected error has occurred.
